Migration Log...........
************************
2021-May-04 11:15:21 PM - Migration is started
2021-May-04 11:15:21 PM - Info - D:\data\Realtime_Meteo15_24.507685_51.250245_20210401.csv is started.
2021-May-04 11:15:23 PM - Info - D:\data\Realtime_Meteo15_24.507685_51.250245_20210401.csv is saved into database.
2021-May-04 11:15:23 PM - Info - D:\data\Realtime_Meteo15_24.507685_51.250245_20210401.csv is moved to 20210504_2315 directory.
2021-May-04 11:15:23 PM - Info - D:\data\Realtime_Meteo15_24.507685_51.250245_20210401.csv is completed.
2021-May-04 11:15:23 PM - Info - D:\data\Realtime_Meteo15_24.507687_51.191042_20210401.csv is started.
2021-May-04 11:15:23 PM - Info - D:\data\Realtime_Meteo15_24.507687_51.191042_20210401.csv is saved into database.
2021-May-04 11:15:23 PM - Info - D:\data\Realtime_Meteo15_24.507687_51.191042_20210401.csv is moved to 20210504_2315 directory.
2021-May-04 11:15:23 PM - Info - D:\data\Realtime_Meteo15_24.507687_51.191042_20210401.csv is completed.
2021-May-04 11:15:23 PM - Info - D:\data\Realtime_Meteo15_24.561628_50.954120_20210401.csv is started.
2021-May-04 11:15:23 PM - Info - D:\data\Realtime_Meteo15_24.561628_50.954120_20210401.csv is saved into database.
2021-May-04 11:15:23 PM - Info - D:\data\Realtime_Meteo15_24.561628_50.954120_20210401.csv is moved to 20210504_2315 directory.
2021-May-04 11:15:23 PM - Info - D:\data\Realtime_Meteo15_24.561628_50.954120_20210401.csv is completed.
2021-May-04 11:15:23 PM - Info - D:\data\Realtime_Meteo15_24.561720_51.013347_20210401.csv is started.
2021-May-04 11:15:23 PM - Info - D:\data\Realtime_Meteo15_24.561720_51.013347_20210401.csv is saved into database.
2021-May-04 11:15:23 PM - Info - D:\data\Realtime_Meteo15_24.561720_51.013347_20210401.csv is moved to 20210504_2315 directory.
2021-May-04 11:15:23 PM - Info - D:\data\Realtime_Meteo15_24.561720_51.013347_20210401.csv is completed.
2021-May-04 11:15:23 PM - Info - D:\data\Realtime_Meteo15_24.561789_51.072575_20210401.csv is started.
2021-May-04 11:15:23 PM - Info - D:\data\Realtime_Meteo15_24.561789_51.072575_20210401.csv is saved into database.
2021-May-04 11:15:23 PM - Info - D:\data\Realtime_Meteo15_24.561789_51.072575_20210401.csv is moved to 20210504_2315 directory.
2021-May-04 11:15:23 PM - Info - D:\data\Realtime_Meteo15_24.561789_51.072575_20210401.csv is completed.
2021-May-04 11:15:23 PM - Info - D:\data\Realtime_Meteo15_24.561834_51.131803_20210401.csv is started.
2021-May-04 11:15:23 PM - Info - D:\data\Realtime_Meteo15_24.561834_51.131803_20210401.csv is saved into database.
2021-May-04 11:15:23 PM - Info - D:\data\Realtime_Meteo15_24.561834_51.131803_20210401.csv is moved to 20210504_2315 directory.
2021-May-04 11:15:23 PM - Info - D:\data\Realtime_Meteo15_24.561834_51.131803_20210401.csv is completed.
2021-May-04 11:15:23 PM - Info - D:\data\Realtime_Meteo15_24.561855_51.250259_20210401.csv is started.
2021-May-04 11:15:23 PM - Info - D:\data\Realtime_Meteo15_24.561855_51.250259_20210401.csv is saved into database.
2021-May-04 11:15:23 PM - Info - D:\data\Realtime_Meteo15_24.561855_51.250259_20210401.csv is moved to 20210504_2315 directory.
2021-May-04 11:15:23 PM - Info - D:\data\Realtime_Meteo15_24.561855_51.250259_20210401.csv is completed.
2021-May-04 11:15:23 PM - Info - D:\data\Realtime_Meteo15_24.561856_51.191031_20210401.csv is started.
2021-May-04 11:15:24 PM - Info - D:\data\Realtime_Meteo15_24.561856_51.191031_20210401.csv is saved into database.
2021-May-04 11:15:24 PM - Info - D:\data\Realtime_Meteo15_24.561856_51.191031_20210401.csv is moved to 20210504_2315 directory.
2021-May-04 11:15:24 PM - Info - D:\data\Realtime_Meteo15_24.561856_51.191031_20210401.csv is completed.
2021-May-04 11:15:24 PM - Info - D:\data\Realtime_Meteo15_24.615681_50.894754_20210401.csv is started.
2021-May-04 11:15:24 PM - Info - D:\data\Realtime_Meteo15_24.615681_50.894754_20210401.csv is saved into database.
2021-May-04 11:15:24 PM - Info - D:\data\Realtime_Meteo15_24.615681_50.894754_20210401.csv is moved to 20210504_2315 directory.
2021-May-04 11:15:24 PM - Info - D:\data\Realtime_Meteo15_24.615681_50.894754_20210401.csv is completed.
2021-May-04 11:15:24 PM - Migration is done
